c:\users\klaud\documents\gitextnsion\simulationtoolforsupercomputer\simulatorforsupercomputer\simulatorforsupercomputer\debug\simulatorforsupercomputer.pch
c:\users\klaud\documents\gitextnsion\simulationtoolforsupercomputer\simulatorforsupercomputer\simulatorforsupercomputer\debug\vc141.pdb
c:\users\klaud\documents\gitextnsion\simulationtoolforsupercomputer\simulatorforsupercomputer\simulatorforsupercomputer\debug\vc141.idb
c:\users\klaud\documents\gitextnsion\simulationtoolforsupercomputer\simulatorforsupercomputer\simulatorforsupercomputer\debug\pch.obj
c:\users\klaud\documents\gitextnsion\simulationtoolforsupercomputer\simulatorforsupercomputer\simulatorforsupercomputer\debug\users.obj
c:\users\klaud\documents\gitextnsion\simulationtoolforsupercomputer\simulatorforsupercomputer\simulatorforsupercomputer\debug\student.obj
c:\users\klaud\documents\gitextnsion\simulationtoolforsupercomputer\simulatorforsupercomputer\simulatorforsupercomputer\debug\storage.obj
c:\users\klaud\documents\gitextnsion\simulationtoolforsupercomputer\simulatorforsupercomputer\simulatorforsupercomputer\debug\staff.obj
c:\users\klaud\documents\gitextnsion\simulationtoolforsupercomputer\simulatorforsupercomputer\simulatorforsupercomputer\debug\simulationtool.obj
c:\users\klaud\documents\gitextnsion\simulationtoolforsupercomputer\simulatorforsupercomputer\simulatorforsupercomputer\debug\scheduler.obj
c:\users\klaud\documents\gitextnsion\simulationtoolforsupercomputer\simulatorforsupercomputer\simulatorforsupercomputer\debug\researchgroup.obj
c:\users\klaud\documents\gitextnsion\simulationtoolforsupercomputer\simulatorforsupercomputer\simulatorforsupercomputer\debug\researcher.obj
c:\users\klaud\documents\gitextnsion\simulationtoolforsupercomputer\simulatorforsupercomputer\simulatorforsupercomputer\debug\queue.obj
c:\users\klaud\documents\gitextnsion\simulationtoolforsupercomputer\simulatorforsupercomputer\simulatorforsupercomputer\debug\processor.obj
c:\users\klaud\documents\gitextnsion\simulationtoolforsupercomputer\simulatorforsupercomputer\simulatorforsupercomputer\debug\main.obj
c:\users\klaud\documents\gitextnsion\simulationtoolforsupercomputer\simulatorforsupercomputer\simulatorforsupercomputer\debug\nodes.obj
c:\users\klaud\documents\gitextnsion\simulationtoolforsupercomputer\simulatorforsupercomputer\simulatorforsupercomputer\debug\job.obj
c:\users\klaud\documents\gitextnsion\simulationtoolforsupercomputer\simulatorforsupercomputer\simulatorforsupercomputer\debug\itmember.obj
c:\users\klaud\documents\gitextnsion\simulationtoolforsupercomputer\simulatorforsupercomputer\simulatorforsupercomputer\debug\interfacescheduler.obj
c:\users\klaud\documents\gitextnsion\simulationtoolforsupercomputer\simulatorforsupercomputer\simulatorforsupercomputer\debug\interface.obj
c:\users\klaud\documents\gitextnsion\simulationtoolforsupercomputer\simulatorforsupercomputer\simulatorforsupercomputer\debug\course.obj
c:\users\klaud\documents\gitextnsion\simulationtoolforsupercomputer\simulatorforsupercomputer\simulatorforsupercomputer\debug\computingsystem.obj
c:\users\klaud\documents\gitextnsion\simulationtoolforsupercomputer\simulatorforsupercomputer\debug\simulatorforsupercomputer.exe
c:\users\klaud\documents\gitextnsion\simulationtoolforsupercomputer\simulatorforsupercomputer\debug\simulatorforsupercomputer.ilk
c:\users\klaud\documents\gitextnsion\simulationtoolforsupercomputer\simulatorforsupercomputer\debug\simulatorforsupercomputer.pdb
c:\users\klaud\documents\gitextnsion\simulationtoolforsupercomputer\simulatorforsupercomputer\simulatorforsupercomputer\debug\nativecodeanalysis.read.1.tlog
c:\users\klaud\documents\gitextnsion\simulationtoolforsupercomputer\simulatorforsupercomputer\simulatorforsupercomputer\debug\computingsystem.nativecodeanalysis.xml
c:\users\klaud\documents\gitextnsion\simulationtoolforsupercomputer\simulatorforsupercomputer\simulatorforsupercomputer\debug\course.nativecodeanalysis.xml
c:\users\klaud\documents\gitextnsion\simulationtoolforsupercomputer\simulatorforsupercomputer\simulatorforsupercomputer\debug\interface.nativecodeanalysis.xml
c:\users\klaud\documents\gitextnsion\simulationtoolforsupercomputer\simulatorforsupercomputer\simulatorforsupercomputer\debug\interfacescheduler.nativecodeanalysis.xml
c:\users\klaud\documents\gitextnsion\simulationtoolforsupercomputer\simulatorforsupercomputer\simulatorforsupercomputer\debug\itmember.nativecodeanalysis.xml
c:\users\klaud\documents\gitextnsion\simulationtoolforsupercomputer\simulatorforsupercomputer\simulatorforsupercomputer\debug\job.nativecodeanalysis.xml
c:\users\klaud\documents\gitextnsion\simulationtoolforsupercomputer\simulatorforsupercomputer\simulatorforsupercomputer\debug\main.nativecodeanalysis.xml
c:\users\klaud\documents\gitextnsion\simulationtoolforsupercomputer\simulatorforsupercomputer\simulatorforsupercomputer\debug\nodes.nativecodeanalysis.xml
c:\users\klaud\documents\gitextnsion\simulationtoolforsupercomputer\simulatorforsupercomputer\simulatorforsupercomputer\debug\pch.nativecodeanalysis.xml
c:\users\klaud\documents\gitextnsion\simulationtoolforsupercomputer\simulatorforsupercomputer\simulatorforsupercomputer\debug\processor.nativecodeanalysis.xml
c:\users\klaud\documents\gitextnsion\simulationtoolforsupercomputer\simulatorforsupercomputer\simulatorforsupercomputer\debug\queue.nativecodeanalysis.xml
c:\users\klaud\documents\gitextnsion\simulationtoolforsupercomputer\simulatorforsupercomputer\simulatorforsupercomputer\debug\researcher.nativecodeanalysis.xml
c:\users\klaud\documents\gitextnsion\simulationtoolforsupercomputer\simulatorforsupercomputer\simulatorforsupercomputer\debug\researchgroup.nativecodeanalysis.xml
c:\users\klaud\documents\gitextnsion\simulationtoolforsupercomputer\simulatorforsupercomputer\simulatorforsupercomputer\debug\scheduler.nativecodeanalysis.xml
c:\users\klaud\documents\gitextnsion\simulationtoolforsupercomputer\simulatorforsupercomputer\simulatorforsupercomputer\debug\simulationtool.nativecodeanalysis.xml
c:\users\klaud\documents\gitextnsion\simulationtoolforsupercomputer\simulatorforsupercomputer\simulatorforsupercomputer\debug\staff.nativecodeanalysis.xml
c:\users\klaud\documents\gitextnsion\simulationtoolforsupercomputer\simulatorforsupercomputer\simulatorforsupercomputer\debug\storage.nativecodeanalysis.xml
c:\users\klaud\documents\gitextnsion\simulationtoolforsupercomputer\simulatorforsupercomputer\simulatorforsupercomputer\debug\student.nativecodeanalysis.xml
c:\users\klaud\documents\gitextnsion\simulationtoolforsupercomputer\simulatorforsupercomputer\simulatorforsupercomputer\debug\users.nativecodeanalysis.xml
c:\users\klaud\documents\gitextnsion\simulationtoolforsupercomputer\simulatorforsupercomputer\simulatorforsupercomputer\debug\vc.nativecodeanalysis.all.xml
c:\users\klaud\documents\gitextnsion\simulationtoolforsupercomputer\simulatorforsupercomputer\simulatorforsupercomputer\debug\simulato.f38603e2.tlog\cl.command.1.tlog
c:\users\klaud\documents\gitextnsion\simulationtoolforsupercomputer\simulatorforsupercomputer\simulatorforsupercomputer\debug\simulato.f38603e2.tlog\cl.read.1.tlog
c:\users\klaud\documents\gitextnsion\simulationtoolforsupercomputer\simulatorforsupercomputer\simulatorforsupercomputer\debug\simulato.f38603e2.tlog\cl.write.1.tlog
c:\users\klaud\documents\gitextnsion\simulationtoolforsupercomputer\simulatorforsupercomputer\simulatorforsupercomputer\debug\simulato.f38603e2.tlog\link.command.1.tlog
c:\users\klaud\documents\gitextnsion\simulationtoolforsupercomputer\simulatorforsupercomputer\simulatorforsupercomputer\debug\simulato.f38603e2.tlog\link.read.1.tlog
c:\users\klaud\documents\gitextnsion\simulationtoolforsupercomputer\simulatorforsupercomputer\simulatorforsupercomputer\debug\simulato.f38603e2.tlog\link.write.1.tlog
