  ComputingSystem.cpp
c:\users\klaud\documents\gitextnsion\simulationtoolforsupercomputer\project3\project3\computingsystem.h(21): warning C4244: 'initializing': conversion from 'double' to 'const int', possible loss of data
c:\users\klaud\documents\gitextnsion\simulationtoolforsupercomputer\project3\project3\computingsystem.h(22): warning C4244: 'initializing': conversion from 'double' to 'const int', possible loss of data
  Course.cpp
c:\users\klaud\documents\gitextnsion\simulationtoolforsupercomputer\project3\project3\course.cpp(29): warning C4018: '<': signed/unsigned mismatch
  InterfaceScheduler.cpp
c:\users\klaud\documents\gitextnsion\simulationtoolforsupercomputer\project3\project3\computingsystem.h(21): warning C4244: 'initializing': conversion from 'double' to 'const int', possible loss of data
c:\users\klaud\documents\gitextnsion\simulationtoolforsupercomputer\project3\project3\computingsystem.h(22): warning C4244: 'initializing': conversion from 'double' to 'const int', possible loss of data
  ITmember.cpp
  Job.cpp
  main.cpp
c:\users\klaud\documents\gitextnsion\simulationtoolforsupercomputer\project3\project3\computingsystem.h(21): warning C4244: 'initializing': conversion from 'double' to 'const int', possible loss of data
c:\users\klaud\documents\gitextnsion\simulationtoolforsupercomputer\project3\project3\computingsystem.h(22): warning C4244: 'initializing': conversion from 'double' to 'const int', possible loss of data
  Nodes.cpp
  Processor.cpp
  Queue.cpp
  Researcher.cpp
  ResearchGroup.cpp
  Scheduler.cpp
c:\users\klaud\documents\gitextnsion\simulationtoolforsupercomputer\project3\project3\scheduler.cpp(22): warning C4018: '<': signed/unsigned mismatch
c:\users\klaud\documents\gitextnsion\simulationtoolforsupercomputer\project3\project3\scheduler.cpp(24): warning C4018: '<': signed/unsigned mismatch
c:\users\klaud\documents\gitextnsion\simulationtoolforsupercomputer\project3\project3\scheduler.cpp(26): warning C4018: '<': signed/unsigned mismatch
c:\users\klaud\documents\gitextnsion\simulationtoolforsupercomputer\project3\project3\scheduler.cpp(40): warning C4018: '<': signed/unsigned mismatch
c:\users\klaud\documents\gitextnsion\simulationtoolforsupercomputer\project3\project3\scheduler.cpp(77): warning C4018: '<': signed/unsigned mismatch
  SimulationTool.cpp
c:\users\klaud\documents\gitextnsion\simulationtoolforsupercomputer\project3\project3\computingsystem.h(21): warning C4244: 'initializing': conversion from 'double' to 'const int', possible loss of data
c:\users\klaud\documents\gitextnsion\simulationtoolforsupercomputer\project3\project3\computingsystem.h(22): warning C4244: 'initializing': conversion from 'double' to 'const int', possible loss of data
c:\users\klaud\documents\gitextnsion\simulationtoolforsupercomputer\project3\project3\simulationtool.cpp(35): warning C4018: '<': signed/unsigned mismatch
c:\users\klaud\documents\gitextnsion\simulationtoolforsupercomputer\project3\project3\simulationtool.cpp(80): warning C4018: '<': signed/unsigned mismatch
c:\users\klaud\documents\gitextnsion\simulationtoolforsupercomputer\project3\project3\simulationtool.cpp(128): warning C4244: '=': conversion from '_Ty' to '_Ty', possible loss of data
          with
          [
              _Ty=double
          ]
          and
          [
              _Ty=int
          ]
c:\users\klaud\documents\gitextnsion\simulationtoolforsupercomputer\project3\project3\simulationtool.cpp(137): warning C4018: '<': signed/unsigned mismatch
c:\users\klaud\documents\gitextnsion\simulationtoolforsupercomputer\project3\project3\simulationtool.cpp(158): warning C4018: '<': signed/unsigned mismatch
  Staff.cpp
  Storage.cpp
  Student.cpp
  Users.cpp
  Generating Code...
c:\users\klaud\documents\gitextnsion\simulationtoolforsupercomputer\project3\project3\computingsystem.cpp(49): warning C4715: 'ComputingSystem::GetAmountOfNodes': not all control paths return a value
c:\users\klaud\documents\gitextnsion\simulationtoolforsupercomputer\project3\project3\computingsystem.cpp(39): warning C4715: 'ComputingSystem::GetNodes': not all control paths return a value
  Project3.vcxproj -> C:\Users\klaud\Documents\GitExtnsion\SimulationToolForSupercomputer\Project3\Debug\Project3.exe
