c:\users\klaud\source\repos\project3\project3\debug\vc141.pdb
c:\users\klaud\source\repos\project3\project3\debug\vc141.idb
c:\users\klaud\source\repos\project3\project3\debug\users.obj
c:\users\klaud\source\repos\project3\project3\debug\student.obj
c:\users\klaud\source\repos\project3\project3\debug\storage.obj
c:\users\klaud\source\repos\project3\project3\debug\staff.obj
c:\users\klaud\source\repos\project3\project3\debug\simulationtool.obj
c:\users\klaud\source\repos\project3\project3\debug\scheduler.obj
c:\users\klaud\source\repos\project3\project3\debug\researchgroup.obj
c:\users\klaud\source\repos\project3\project3\debug\researcher.obj
c:\users\klaud\source\repos\project3\project3\debug\queue.obj
c:\users\klaud\source\repos\project3\project3\debug\processor.obj
c:\users\klaud\source\repos\project3\project3\debug\nodes.obj
c:\users\klaud\source\repos\project3\project3\debug\main.obj
c:\users\klaud\source\repos\project3\project3\debug\job.obj
c:\users\klaud\source\repos\project3\project3\debug\itmember.obj
c:\users\klaud\source\repos\project3\project3\debug\interfacescheduler.obj
c:\users\klaud\source\repos\project3\project3\debug\interface.obj
c:\users\klaud\source\repos\project3\project3\debug\course.obj
c:\users\klaud\source\repos\project3\project3\debug\computingsystem.obj
c:\users\klaud\source\repos\project3\debug\project3.exe
c:\users\klaud\source\repos\project3\debug\project3.ilk
c:\users\klaud\source\repos\project3\debug\project3.pdb
c:\users\klaud\source\repos\project3\project3\debug\project3.obj
c:\users\klaud\source\repos\project3\project3\debug\scheduler.obj.enc
c:\users\klaud\source\repos\project3\project3\debug\project3.tlog\cl.command.1.tlog
c:\users\klaud\source\repos\project3\project3\debug\project3.tlog\cl.read.1.tlog
c:\users\klaud\source\repos\project3\project3\debug\project3.tlog\cl.write.1.tlog
c:\users\klaud\source\repos\project3\project3\debug\project3.tlog\link.command.1.tlog
c:\users\klaud\source\repos\project3\project3\debug\project3.tlog\link.read.1.tlog
c:\users\klaud\source\repos\project3\project3\debug\project3.tlog\link.write.1.tlog
